[debug] [2018-02-03T21:22:08.472Z] ----------------------------------------------------------------------
[debug] [2018-02-03T21:22:08.476Z] Command:       C:\Users\manuel.vergara\node\node.exe C:\Users\manuel.vergara\node\node_modules\firebase-tools\bin\firebase login
[debug] [2018-02-03T21:22:08.476Z] CLI Version:   3.17.4
[debug] [2018-02-03T21:22:08.476Z] Platform:      win32
[debug] [2018-02-03T21:22:08.476Z] Node Version:  v6.11.2
[debug] [2018-02-03T21:22:08.487Z] Time:          Sat Feb 03 2018 18:22:08 GMT-0300 (Hora verano Sudamérica Pacífico)
[debug] [2018-02-03T21:22:08.487Z] ----------------------------------------------------------------------
[debug] 
[info] 
[info] Visit this URL on any device to log in:
[info] https://accounts.google.com/o/oauth2/auth?client_id=563584335869-fgrhgmd47bqnekij5i8b5pr03ho849e6.apps.googleusercontent.com&scope=email%20openid%20https%3A%2F%2Fwww.googleapis.com%2Fauth%2Fcloudplatformprojects.readonly%20https%3A%2F%2Fwww.googleapis.com%2Fauth%2Ffirebase%20https%3A%2F%2Fwww.googleapis.com%2Fauth%2Fcloud-platform&response_type=code&state=737539709&redirect_uri=http%3A%2F%2Flocalhost%3A9005
[info] 
[info] Waiting for authentication...
[debug] [2018-02-03T21:23:30.302Z] >>> HTTP REQUEST POST https://accounts.google.com/o/oauth2/token  
 { code: '4/ato4hQENMuCD1IBNyH4MSz1t7cxlQjrg7jEPbHN4n2E',
  client_id: '563584335869-fgrhgmd47bqnekij5i8b5pr03ho849e6.apps.googleusercontent.com',
  client_secret: 'j9iVZfS8kkCEFUPaAeJV0sAi',
  redirect_uri: 'http://localhost:9005',
  grant_type: 'authorization_code' } 
 Sat Feb 03 2018 18:23:30 GMT-0300 (Hora verano Sudamérica Pacífico)
[debug] [2018-02-03T21:23:51.327Z] Token Fetch Error: Error
    at Error.FirebaseError (C:\Users\manuel.vergara\node\node_modules\firebase-tools\lib\error.js:11:17)
    at Request._callback (C:\Users\manuel.vergara\node\node_modules\firebase-tools\lib\api.js:34:23)
    at self.callback (C:\Users\manuel.vergara\node\node_modules\firebase-tools\node_modules\request\request.js:186:22)
    at emitOne (events.js:96:13)
    at Request.emit (events.js:188:7)
    at Request.onRequestError (C:\Users\manuel.vergara\node\node_modules\firebase-tools\node_modules\request\request.js:878:8)
    at emitOne (events.js:96:13)
    at ClientRequest.emit (events.js:188:7)
    at TLSSocket.socketErrorListener (_http_client.js:310:9)
    at emitOne (events.js:96:13)
[debug] [2018-02-03T22:01:37.237Z] ----------------------------------------------------------------------
[debug] [2018-02-03T22:01:37.241Z] Command:       C:\Users\manuel.vergara\node\node.exe C:\Users\manuel.vergara\node\node_modules\firebase-tools\bin\firebase login
[debug] [2018-02-03T22:01:37.242Z] CLI Version:   3.17.4
[debug] [2018-02-03T22:01:37.242Z] Platform:      win32
[debug] [2018-02-03T22:01:37.242Z] Node Version:  v6.11.2
[debug] [2018-02-03T22:01:37.243Z] Time:          Sat Feb 03 2018 19:01:37 GMT-0300 (Hora verano Sudamérica Pacífico)
[debug] [2018-02-03T22:01:37.243Z] ----------------------------------------------------------------------
[debug] 
[info] 
[info] Visit this URL on any device to log in:
[info] https://accounts.google.com/o/oauth2/auth?client_id=563584335869-fgrhgmd47bqnekij5i8b5pr03ho849e6.apps.googleusercontent.com&scope=email%20openid%20https%3A%2F%2Fwww.googleapis.com%2Fauth%2Fcloudplatformprojects.readonly%20https%3A%2F%2Fwww.googleapis.com%2Fauth%2Ffirebase%20https%3A%2F%2Fwww.googleapis.com%2Fauth%2Fcloud-platform&response_type=code&state=702657726&redirect_uri=http%3A%2F%2Flocalhost%3A9005
[info] 
[info] Waiting for authentication...
[debug] [2018-02-03T22:02:17.817Z] >>> HTTP REQUEST POST https://accounts.google.com/o/oauth2/token  
 { code: '4/gRsVJ-hbAp-8y_MI12oQCqUEIHteBoZU-t5ceJrTsgg',
  client_id: '563584335869-fgrhgmd47bqnekij5i8b5pr03ho849e6.apps.googleusercontent.com',
  client_secret: 'j9iVZfS8kkCEFUPaAeJV0sAi',
  redirect_uri: 'http://localhost:9005',
  grant_type: 'authorization_code' } 
 Sat Feb 03 2018 19:02:17 GMT-0300 (Hora verano Sudamérica Pacífico)
[debug] [2018-02-03T22:02:38.852Z] Token Fetch Error: Error
    at Error.FirebaseError (C:\Users\manuel.vergara\node\node_modules\firebase-tools\lib\error.js:11:17)
    at Request._callback (C:\Users\manuel.vergara\node\node_modules\firebase-tools\lib\api.js:34:23)
    at self.callback (C:\Users\manuel.vergara\node\node_modules\firebase-tools\node_modules\request\request.js:186:22)
    at emitOne (events.js:96:13)
    at Request.emit (events.js:188:7)
    at Request.onRequestError (C:\Users\manuel.vergara\node\node_modules\firebase-tools\node_modules\request\request.js:878:8)
    at emitOne (events.js:96:13)
    at ClientRequest.emit (events.js:188:7)
    at TLSSocket.socketErrorListener (_http_client.js:310:9)
    at emitOne (events.js:96:13)
